{"/Users/xiaojuancai/CodingU/data-structures-and-algorithms/code-challenges/401/stacks_and_queues/stacks_and_queues.js": {"path":"/Users/xiaojuancai/CodingU/data-structures-and-algorithms/code-challenges/401/stacks_and_queues/stacks_and_queues.js","statementMap":{"0":{"start":{"line":5,"column":4},"end":{"line":5,"column":21}},"1":{"start":{"line":6,"column":4},"end":{"line":6,"column":21}},"2":{"start":{"line":12,"column":4},"end":{"line":12,"column":20}},"3":{"start":{"line":16,"column":18},"end":{"line":16,"column":33}},"4":{"start":{"line":17,"column":4},"end":{"line":17,"column":28}},"5":{"start":{"line":18,"column":4},"end":{"line":18,"column":23}},"6":{"start":{"line":22,"column":4},"end":{"line":23,"column":53}},"7":{"start":{"line":23,"column":6},"end":{"line":23,"column":53}},"8":{"start":{"line":24,"column":17},"end":{"line":24,"column":30}},"9":{"start":{"line":25,"column":4},"end":{"line":25,"column":29}},"10":{"start":{"line":26,"column":4},"end":{"line":26,"column":16}},"11":{"start":{"line":30,"column":4},"end":{"line":31,"column":23}},"12":{"start":{"line":31,"column":6},"end":{"line":31,"column":23}},"13":{"start":{"line":32,"column":4},"end":{"line":32,"column":25}},"14":{"start":{"line":36,"column":4},"end":{"line":36,"column":29}},"15":{"start":{"line":40,"column":14},"end":{"line":40,"column":16}},"16":{"start":{"line":41,"column":14},"end":{"line":41,"column":22}},"17":{"start":{"line":42,"column":4},"end":{"line":46,"column":5}},"18":{"start":{"line":43,"column":6},"end":{"line":43,"column":34}},"19":{"start":{"line":44,"column":6},"end":{"line":44,"column":21}},"20":{"start":{"line":45,"column":6},"end":{"line":45,"column":35}},"21":{"start":{"line":47,"column":4},"end":{"line":47,"column":15}},"22":{"start":{"line":53,"column":4},"end":{"line":53,"column":22}},"23":{"start":{"line":54,"column":4},"end":{"line":54,"column":20}},"24":{"start":{"line":58,"column":20},"end":{"line":58,"column":34}},"25":{"start":{"line":59,"column":4},"end":{"line":66,"column":5}},"26":{"start":{"line":60,"column":6},"end":{"line":60,"column":26}},"27":{"start":{"line":61,"column":6},"end":{"line":61,"column":27}},"28":{"start":{"line":64,"column":6},"end":{"line":64,"column":31}},"29":{"start":{"line":65,"column":6},"end":{"line":65,"column":26}},"30":{"start":{"line":70,"column":4},"end":{"line":71,"column":57}},"31":{"start":{"line":71,"column":6},"end":{"line":71,"column":57}},"32":{"start":{"line":72,"column":17},"end":{"line":72,"column":32}},"33":{"start":{"line":73,"column":4},"end":{"line":73,"column":33}},"34":{"start":{"line":75,"column":4},"end":{"line":75,"column":46}},"35":{"start":{"line":75,"column":29},"end":{"line":75,"column":46}},"36":{"start":{"line":76,"column":4},"end":{"line":76,"column":16}},"37":{"start":{"line":80,"column":4},"end":{"line":81,"column":23}},"38":{"start":{"line":81,"column":6},"end":{"line":81,"column":23}},"39":{"start":{"line":82,"column":4},"end":{"line":82,"column":27}},"40":{"start":{"line":86,"column":4},"end":{"line":86,"column":31}},"41":{"start":{"line":90,"column":14},"end":{"line":90,"column":16}},"42":{"start":{"line":91,"column":14},"end":{"line":91,"column":24}},"43":{"start":{"line":92,"column":4},"end":{"line":96,"column":5}},"44":{"start":{"line":93,"column":6},"end":{"line":93,"column":34}},"45":{"start":{"line":94,"column":6},"end":{"line":94,"column":21}},"46":{"start":{"line":95,"column":6},"end":{"line":95,"column":34}},"47":{"start":{"line":97,"column":4},"end":{"line":97,"column":15}},"48":{"start":{"line":101,"column":0},"end":{"line":101,"column":31}}},"fnMap":{"0":{"name":"(anonymous_0)","decl":{"start":{"line":4,"column":2},"end":{"line":4,"column":3}},"loc":{"start":{"line":4,"column":21},"end":{"line":7,"column":3}},"line":4},"1":{"name":"(anonymous_1)","decl":{"start":{"line":11,"column":2},"end":{"line":11,"column":3}},"loc":{"start":{"line":11,"column":17},"end":{"line":13,"column":3}},"line":11},"2":{"name":"(anonymous_2)","decl":{"start":{"line":15,"column":2},"end":{"line":15,"column":3}},"loc":{"start":{"line":15,"column":14},"end":{"line":19,"column":3}},"line":15},"3":{"name":"(anonymous_3)","decl":{"start":{"line":21,"column":2},"end":{"line":21,"column":3}},"loc":{"start":{"line":21,"column":9},"end":{"line":27,"column":3}},"line":21},"4":{"name":"(anonymous_4)","decl":{"start":{"line":29,"column":2},"end":{"line":29,"column":3}},"loc":{"start":{"line":29,"column":10},"end":{"line":33,"column":3}},"line":29},"5":{"name":"(anonymous_5)","decl":{"start":{"line":35,"column":2},"end":{"line":35,"column":3}},"loc":{"start":{"line":35,"column":13},"end":{"line":37,"column":3}},"line":35},"6":{"name":"(anonymous_6)","decl":{"start":{"line":39,"column":2},"end":{"line":39,"column":3}},"loc":{"start":{"line":39,"column":14},"end":{"line":48,"column":3}},"line":39},"7":{"name":"(anonymous_7)","decl":{"start":{"line":52,"column":2},"end":{"line":52,"column":3}},"loc":{"start":{"line":52,"column":17},"end":{"line":55,"column":3}},"line":52},"8":{"name":"(anonymous_8)","decl":{"start":{"line":57,"column":2},"end":{"line":57,"column":3}},"loc":{"start":{"line":57,"column":17},"end":{"line":67,"column":3}},"line":57},"9":{"name":"(anonymous_9)","decl":{"start":{"line":69,"column":2},"end":{"line":69,"column":3}},"loc":{"start":{"line":69,"column":13},"end":{"line":77,"column":3}},"line":69},"10":{"name":"(anonymous_10)","decl":{"start":{"line":79,"column":2},"end":{"line":79,"column":3}},"loc":{"start":{"line":79,"column":10},"end":{"line":83,"column":3}},"line":79},"11":{"name":"(anonymous_11)","decl":{"start":{"line":85,"column":2},"end":{"line":85,"column":3}},"loc":{"start":{"line":85,"column":13},"end":{"line":87,"column":3}},"line":85},"12":{"name":"(anonymous_12)","decl":{"start":{"line":89,"column":2},"end":{"line":89,"column":3}},"loc":{"start":{"line":89,"column":14},"end":{"line":98,"column":3}},"line":89}},"branchMap":{"0":{"loc":{"start":{"line":22,"column":4},"end":{"line":23,"column":53}},"type":"if","locations":[{"start":{"line":22,"column":4},"end":{"line":23,"column":53}},{"start":{"line":22,"column":4},"end":{"line":23,"column":53}}],"line":22},"1":{"loc":{"start":{"line":30,"column":4},"end":{"line":31,"column":23}},"type":"if","locations":[{"start":{"line":30,"column":4},"end":{"line":31,"column":23}},{"start":{"line":30,"column":4},"end":{"line":31,"column":23}}],"line":30},"2":{"loc":{"start":{"line":45,"column":13},"end":{"line":45,"column":34}},"type":"cond-expr","locations":[{"start":{"line":45,"column":27},"end":{"line":45,"column":29}},{"start":{"line":45,"column":30},"end":{"line":45,"column":34}}],"line":45},"3":{"loc":{"start":{"line":59,"column":4},"end":{"line":66,"column":5}},"type":"if","locations":[{"start":{"line":59,"column":4},"end":{"line":66,"column":5}},{"start":{"line":59,"column":4},"end":{"line":66,"column":5}}],"line":59},"4":{"loc":{"start":{"line":70,"column":4},"end":{"line":71,"column":57}},"type":"if","locations":[{"start":{"line":70,"column":4},"end":{"line":71,"column":57}},{"start":{"line":70,"column":4},"end":{"line":71,"column":57}}],"line":70},"5":{"loc":{"start":{"line":75,"column":4},"end":{"line":75,"column":46}},"type":"if","locations":[{"start":{"line":75,"column":4},"end":{"line":75,"column":46}},{"start":{"line":75,"column":4},"end":{"line":75,"column":46}}],"line":75},"6":{"loc":{"start":{"line":80,"column":4},"end":{"line":81,"column":23}},"type":"if","locations":[{"start":{"line":80,"column":4},"end":{"line":81,"column":23}},{"start":{"line":80,"column":4},"end":{"line":81,"column":23}}],"line":80},"7":{"loc":{"start":{"line":95,"column":13},"end":{"line":95,"column":33}},"type":"cond-expr","locations":[{"start":{"line":95,"column":26},"end":{"line":95,"column":28}},{"start":{"line":95,"column":29},"end":{"line":95,"column":33}}],"line":95}},"s":{"0":27,"1":27,"2":10,"3":14,"4":14,"5":14,"6":2,"7":1,"8":1,"9":1,"10":1,"11":2,"12":1,"13":1,"14":7,"15":1,"16":1,"17":1,"18":3,"19":3,"20":3,"21":1,"22":11,"23":11,"24":13,"25":13,"26":7,"27":7,"28":6,"29":6,"30":3,"31":1,"32":2,"33":2,"34":2,"35":1,"36":2,"37":2,"38":1,"39":1,"40":20,"41":2,"42":2,"43":2,"44":2,"45":2,"46":2,"47":2,"48":2},"f":{"0":27,"1":10,"2":14,"3":2,"4":2,"5":7,"6":1,"7":11,"8":13,"9":3,"10":2,"11":20,"12":2},"b":{"0":[1,1],"1":[1,1],"2":[1,2],"3":[7,6],"4":[1,2],"5":[1,1],"6":[1,1],"7":[1,1]},"_coverageSchema":"43e27e138ebf9cfc5966b082cf9a028302ed4184","hash":"e454a33dd8d6212ef3fea7f5635cc9dda7ba3c24"}
}
