TN:
SF:/Users/xiaojuancai/CodingU/data-structures-and-algorithms/code-challenges/401/stacks_and_queues/stacks_and_queues.js
FN:4,(anonymous_0)
FN:11,(anonymous_1)
FN:15,(anonymous_2)
FN:21,(anonymous_3)
FN:29,(anonymous_4)
FN:35,(anonymous_5)
FN:39,(anonymous_6)
FN:52,(anonymous_7)
FN:57,(anonymous_8)
FN:69,(anonymous_9)
FN:79,(anonymous_10)
FN:85,(anonymous_11)
FN:89,(anonymous_12)
FNF:13
FNH:13
FNDA:27,(anonymous_0)
FNDA:10,(anonymous_1)
FNDA:14,(anonymous_2)
FNDA:2,(anonymous_3)
FNDA:2,(anonymous_4)
FNDA:7,(anonymous_5)
FNDA:1,(anonymous_6)
FNDA:11,(anonymous_7)
FNDA:13,(anonymous_8)
FNDA:3,(anonymous_9)
FNDA:2,(anonymous_10)
FNDA:20,(anonymous_11)
FNDA:2,(anonymous_12)
DA:5,27
DA:6,27
DA:12,10
DA:16,14
DA:17,14
DA:18,14
DA:22,2
DA:23,1
DA:24,1
DA:25,1
DA:26,1
DA:30,2
DA:31,1
DA:32,1
DA:36,7
DA:40,1
DA:41,1
DA:42,1
DA:43,3
DA:44,3
DA:45,3
DA:47,1
DA:53,11
DA:54,11
DA:58,13
DA:59,13
DA:60,7
DA:61,7
DA:64,6
DA:65,6
DA:70,3
DA:71,1
DA:72,2
DA:73,2
DA:75,2
DA:76,2
DA:80,2
DA:81,1
DA:82,1
DA:86,20
DA:90,2
DA:91,2
DA:92,2
DA:93,2
DA:94,2
DA:95,2
DA:97,2
DA:101,2
LF:48
LH:48
BRDA:22,0,0,1
BRDA:22,0,1,1
BRDA:30,1,0,1
BRDA:30,1,1,1
BRDA:45,2,0,1
BRDA:45,2,1,2
BRDA:59,3,0,7
BRDA:59,3,1,6
BRDA:70,4,0,1
BRDA:70,4,1,2
BRDA:75,5,0,1
BRDA:75,5,1,1
BRDA:80,6,0,1
BRDA:80,6,1,1
BRDA:95,7,0,1
BRDA:95,7,1,1
BRF:16
BRH:16
end_of_record
